Using pre-set license
Desktop is 1920 x 1080 @ 60 Hz

 COMMAND LINE ARGUMENTS:
Unity
-adb2
-batchMode
-noUpm
-name
AssetImportWorker0
-projectPath
/home/matvey/Desktop/game/TowerDefence
-logFile
Logs/AssetImportWorker0.log
-srvPort
35557
Successfully changed project path to: /home/matvey/Desktop/game/TowerDefence
/home/matvey/Desktop/game/TowerDefence
Using Asset Import Pipeline V2.
Refreshing native plugins compatible for Editor in 47.88 ms, found 1 plugins.
Preloading 0 native plugins for Editor in 0.00 ms.
Initialize engine version: 2020.3.4f1 (0abb6314276a)
[Subsystems] Discovering subsystems at path /home/matvey/unity/2020.3.4f1/Editor/Data/Resources/UnitySubsystems
[Subsystems] Discovering subsystems at path /home/matvey/Desktop/game/TowerDefence/Assets
GLX Extensions: GLX_ARB_create_context GLX_ARB_create_context_no_error GLX_ARB_create_context_profile GLX_ARB_create_context_robustness GLX_ARB_fbconfig_float GLX_ARB_framebuffer_sRGB GLX_ARB_get_proc_address GLX_ARB_multisample GLX_EXT_buffer_age GLX_EXT_create_context_es2_profile GLX_EXT_create_context_es_profile GLX_EXT_fbconfig_packed_float GLX_EXT_framebuffer_sRGB GLX_EXT_import_context GLX_EXT_texture_from_pixmap GLX_EXT_visual_info GLX_EXT_visual_rating GLX_INTEL_swap_event GLX_MESA_copy_sub_buffer GLX_MESA_query_renderer GLX_MESA_swap_control GLX_OML_swap_method GLX_OML_sync_control GLX_SGIS_multisample GLX_SGIX_fbconfig GLX_SGIX_pbuffer GLX_SGIX_visual_select_group GLX_SGI_make_current_read GLX_SGI_swap_control GLX_SGI_video_sync 
Renderer: Mesa Intel(R) HD Graphics 620 (KBL GT2)
Vendor:   Intel
Version:  4.6 (Core Profile) Mesa 20.2.6
GLES:     0
 GL_3DFX_texture_compression_FXT1 GL_AMD_conservative_depth GL_AMD_depth_clamp_separate GL_AMD_draw_buffers_blend GL_AMD_gpu_shader_int64 GL_AMD_multi_draw_indirect GL_AMD_performance_monitor GL_AMD_pinned_memory GL_AMD_query_buffer_object GL_AMD_seamless_cubemap_per_texture GL_AMD_shader_stencil_export GL_AMD_shader_trinary_minmax GL_AMD_texture_texture4 GL_AMD_vertex_shader_layer GL_AMD_vertex_shader_viewport_index GL_ANGLE_texture_compression_dxt3 GL_ANGLE_texture_compression_dxt5 GL_ARB_ES2_compatibility GL_ARB_ES3_1_compatibility GL_ARB_ES3_2_compatibility GL_ARB_ES3_compatibility GL_ARB_arrays_of_arrays GL_ARB_base_instance GL_ARB_blend_func_extended GL_ARB_buffer_storage GL_ARB_clear_buffer_object GL_ARB_clear_texture GL_ARB_clip_control GL_ARB_compressed_texture_pixel_storage GL_ARB_compute_shader GL_ARB_compute_variable_group_size GL_ARB_conditional_render_inverted GL_ARB_conservative_depth GL_ARB_copy_buffer GL_ARB_copy_image GL_ARB_cull_distance GL_ARB_debug_output GL_ARB_depth_buffer_float GL_ARB
_depth_clamp GL_ARB_derivative_control GL_ARB_direct_state_access GL_ARB_draw_buffers GL_ARB_draw_buffers_blend GL_ARB_draw_elements_base_vertex GL_ARB_draw_indirect GL_ARB_draw_instanced GL_ARB_enhanced_layouts GL_ARB_explicit_attrib_location GL_ARB_explicit_uniform_location GL_ARB_fragment_coord_conventions GL_ARB_fragment_layer_viewport GL_ARB_fragment_shader GL_ARB_fragment_shader_interlock GL_ARB_framebuffer_no_attachments GL_ARB_framebuffer_object GL_ARB_framebuffer_sRGB GL_ARB_get_program_binary GL_ARB_get_texture_sub_image GL_ARB_gl_spirv GL_ARB_gpu_shader5 GL_ARB_gpu_shader_fp64 GL_ARB_gpu_shader_int64 GL_ARB_half_float_pixel GL_ARB_half_float_vertex GL_ARB_indirect_parameters GL_ARB_instanced_arrays GL_ARB_internalformat_query GL_ARB_internalformat_query2 GL_ARB_invalidate_subdata GL_ARB_map_buffer_alignment GL_ARB_map_buffer_range GL_ARB_multi_bind GL_ARB_multi_draw_indirect GL_ARB_occlusion_query2 GL_ARB_parallel_shader_compile GL_ARB_pipeline_statistics_query GL_ARB_pixel_buffer_object GL_ARB_po
int_sprite GL_ARB_polygon_offset_clamp GL_ARB_post_depth_coverage GL_ARB_program_interface_query GL_ARB_provoking_vertex GL_ARB_query_buffer_object GL_ARB_robust_buffer_access_behavior GL_ARB_robustness GL_ARB_sample_shading GL_ARB_sampler_objects GL_ARB_seamless_cube_map GL_ARB_seamless_cubemap_per_texture GL_ARB_separate_shader_objects GL_ARB_shader_atomic_counter_ops GL_ARB_shader_atomic_counters GL_ARB_shader_ballot GL_ARB_shader_bit_encoding GL_ARB_shader_clock GL_ARB_shader_draw_parameters GL_ARB_shader_group_vote GL_ARB_shader_image_load_store GL_ARB_shader_image_size GL_ARB_shader_objects GL_ARB_shader_precision GL_ARB_shader_stencil_export GL_ARB_shader_storage_buffer_object GL_ARB_shader_subroutine GL_ARB_shader_texture_image_samples GL_ARB_shader_texture_lod GL_ARB_shader_viewport_layer_array GL_ARB_shading_language_420pack GL_ARB_shading_language_include GL_ARB_shading_language_packing GL_ARB_spirv_extensions GL_ARB_stencil_texturing GL_ARB_sync GL_ARB_tessellation_shader GL_ARB_texture_barrier G
L_ARB_texture_buffer_object GL_ARB_texture_buffer_object_rgb32 GL_ARB_texture_buffer_range GL_ARB_texture_compression_bptc GL_ARB_texture_compression_rgtc GL_ARB_texture_cube_map_array GL_ARB_texture_filter_anisotropic GL_ARB_texture_float GL_ARB_texture_gather GL_ARB_texture_mirror_clamp_to_edge GL_ARB_texture_multisample GL_ARB_texture_non_power_of_two GL_ARB_texture_query_levels GL_ARB_texture_query_lod GL_ARB_texture_rectangle GL_ARB_texture_rg GL_ARB_texture_rgb10_a2ui GL_ARB_texture_stencil8 GL_ARB_texture_storage GL_ARB_texture_storage_multisample GL_ARB_texture_swizzle GL_ARB_texture_view GL_ARB_timer_query GL_ARB_transform_feedback2 GL_ARB_transform_feedback3 GL_ARB_transform_feedback_instanced GL_ARB_transform_feedback_overflow_query GL_ARB_uniform_buffer_object GL_ARB_vertex_array_bgra GL_ARB_vertex_array_object GL_ARB_vertex_attrib_64bit GL_ARB_vertex_attrib_binding GL_ARB_vertex_buffer_object GL_ARB_vertex_shader GL_ARB_vertex_type_10f_11f_11f_rev GL_ARB_vertex_type_2_10_10_10_rev GL_ARB_viewpor
t_array GL_ATI_blend_equation_separate GL_ATI_texture_float GL_EXT_EGL_image_storage GL_EXT_EGL_sync GL_EXT_abgr GL_EXT_blend_equation_separate GL_EXT_demote_to_helper_invocation GL_EXT_draw_buffers2 GL_EXT_draw_instanced GL_EXT_framebuffer_blit GL_EXT_framebuffer_multisample GL_EXT_framebuffer_multisample_blit_scaled GL_EXT_framebuffer_object GL_EXT_framebuffer_sRGB GL_EXT_packed_depth_stencil GL_EXT_packed_float GL_EXT_pixel_buffer_object GL_EXT_polygon_offset_clamp GL_EXT_provoking_vertex GL_EXT_shader_framebuffer_fetch GL_EXT_shader_framebuffer_fetch_non_coherent GL_EXT_shader_integer_mix GL_EXT_shader_samples_identical GL_EXT_texture_array GL_EXT_texture_compression_dxt1 GL_EXT_texture_compression_rgtc GL_EXT_texture_compression_s3tc GL_EXT_texture_filter_anisotropic GL_EXT_texture_integer GL_EXT_texture_sRGB GL_EXT_texture_sRGB_R8 GL_EXT_texture_sRGB_decode GL_EXT_texture_shadow_lod GL_EXT_texture_shared_exponent GL_EXT_texture_snorm GL_EXT_texture_swizzle GL_EXT_timer_query GL_EXT_transform_feedback G
L_EXT_vertex_array_bgra GL_EXT_vertex_attrib_64bit GL_IBM_multimode_draw_arrays GL_INTEL_blackhole_render GL_INTEL_conservative_rasterization GL_INTEL_performance_query GL_INTEL_shader_atomic_float_minmax GL_INTEL_shader_integer_functions2 GL_KHR_blend_equation_advanced GL_KHR_blend_equation_advanced_coherent GL_KHR_context_flush_control GL_KHR_debug GL_KHR_no_error GL_KHR_parallel_shader_compile GL_KHR_robust_buffer_access_behavior GL_KHR_robustness GL_KHR_texture_compression_astc_ldr GL_KHR_texture_compression_astc_sliced_3d GL_MESA_framebuffer_flip_y GL_MESA_pack_invert GL_MESA_shader_integer_functions GL_MESA_texture_signed_rgba GL_NV_compute_shader_derivatives GL_NV_conditional_render GL_NV_copy_image GL_NV_depth_clamp GL_NV_fragment_shader_interlock GL_NV_packed_depth_stencil GL_NV_texture_barrier GL_OES_EGL_image GL_S3_s3tc
OPENGL LOG: Creating OpenGL 4.6 graphics device ; Context level  <OpenGL 4.5> ; Context handle -600952592
Initialize mono
Mono path[0] = '/home/matvey/unity/2020.3.4f1/Editor/Data/Managed'
Mono path[1] = '/home/matvey/unity/2020.3.4f1/Editor/Data/MonoBleedingEdge/lib/mono/unityjit'
Mono config path = '/home/matvey/unity/2020.3.4f1/Editor/Data/MonoBleedingEdge/etc'
Using monoOptions --debugger-agent=transport=dt_socket,embedding=1,server=y,suspend=n,address=127.0.0.1:56298
Begin MonoManager ReloadAssembly
Registering precompiled unity dll's ...
Register platform support module: /home/matvey/unity/2020.3.4f1/Editor/Data/PlaybackEngines/LinuxStandaloneSupport/UnityEditor.LinuxStandalone.Extensions.dll
Registered in 0.001727 seconds.
Native extension for LinuxStandalone target not found
Refreshing native plugins compatible for Editor in 50.07 ms, found 1 plugins.
Preloading 0 native plugins for Editor in 0.00 ms.
Mono: successfully reloaded assembly
- Completed reload, in  1.377 seconds
Platform modules already initialized, skipping
Registering precompiled user dll's ...
Registered in 0.000795 seconds.
Begin MonoManager ReloadAssembly
Native extension for LinuxStandalone target not found
Refreshing native plugins compatible for Editor in 44.53 ms, found 1 plugins.
Preloading 0 native plugins for Editor in 0.00 ms.
Mono: successfully reloaded assembly
- Completed reload, in  1.053 seconds
Platform modules already initialized, skipping
========================================================================
Worker process is ready to serve import requests
Launched and connected shader compiler UnityShaderCompiler after 0.01 seconds
Refreshing native plugins compatible for Editor in 0.56 ms, found 1 plugins.
Preloading 0 native plugins for Editor in 0.00 ms.
Unloading 1824 Unused Serialized files (Serialized files now loaded: 0)
System memory in use before: 79.5 MB.
System memory in use after: 79.5 MB.

Unloading 24 unused Assets to reduce memory usage. Loaded Objects now: 2268.
Total: 3.435282 ms (FindLiveObjects: 0.225849 ms CreateObjectMapping: 0.096695 ms MarkObjects: 2.741316 ms  DeleteObjects: 0.369309 ms)

========================================================================
Received Import Request.
  path: Assets/GameObjects/PythonEnemy.prefab
  artifactKey: Guid(4c82f971134032941ab570f3b50f273d) Importer(815301076,1909f56bfc062723c751e8b465ee728b)
Start importing Assets/GameObjects/PythonEnemy.prefab using Guid(4c82f971134032941ab570f3b50f273d) Importer(815301076,1909f56bfc062723c751e8b465ee728b)  -> (artifact id: 'b0eff18640a53063155c424becb356fd') in 0.102505 seconds
  Import took 0.106526 seconds .

========================================================================
Received Import Request.
  Time since last request: 0.017963 seconds.
  path: Assets/GameObjects/PythonEnemy.prefab
  artifactKey: Guid(4c82f971134032941ab570f3b50f273d) Importer(815301076,1909f56bfc062723c751e8b465ee728b)
Start importing Assets/GameObjects/PythonEnemy.prefab using Guid(4c82f971134032941ab570f3b50f273d) Importer(815301076,1909f56bfc062723c751e8b465ee728b)  -> (artifact id: 'b0eff18640a53063155c424becb356fd') in 0.012386 seconds
  Import took 0.017617 seconds .

========================================================================
Received Prepare
Registering precompiled user dll's ...
Registered in 0.000744 seconds.
Begin MonoManager ReloadAssembly
Native extension for LinuxStandalone target not found
Refreshing native plugins compatible for Editor in 0.37 ms, found 1 plugins.
Preloading 0 native plugins for Editor in 0.00 ms.
Mono: successfully reloaded assembly
- Completed reload, in  0.924 seconds
Platform modules already initialized, skipping
Refreshing native plugins compatible for Editor in 0.36 ms, found 1 plugins.
Preloading 0 native plugins for Editor in 0.00 ms.
Unloading 1819 Unused Serialized files (Serialized files now loaded: 0)
System memory in use before: 80.9 MB.
System memory in use after: 80.9 MB.

Unloading 12 unused Assets to reduce memory usage. Loaded Objects now: 2279.
Total: 3.130164 ms (FindLiveObjects: 0.307915 ms CreateObjectMapping: 0.148696 ms MarkObjects: 2.570189 ms  DeleteObjects: 0.101476 ms)

========================================================================
Received Prepare
Registering precompiled user dll's ...
Registered in 0.000741 seconds.
Begin MonoManager ReloadAssembly
Native extension for LinuxStandalone target not found
Refreshing native plugins compatible for Editor in 0.36 ms, found 1 plugins.
Preloading 0 native plugins for Editor in 0.00 ms.
Mono: successfully reloaded assembly
- Completed reload, in  0.900 seconds
Platform modules already initialized, skipping
Refreshing native plugins compatible for Editor in 0.41 ms, found 1 plugins.
Preloading 0 native plugins for Editor in 0.00 ms.
Unloading 1819 Unused Serialized files (Serialized files now loaded: 0)
System memory in use before: 80.9 MB.
System memory in use after: 80.9 MB.

Unloading 12 unused Assets to reduce memory usage. Loaded Objects now: 2283.
Total: 2.760463 ms (FindLiveObjects: 0.201383 ms CreateObjectMapping: 0.065560 ms MarkObjects: 2.384510 ms  DeleteObjects: 0.107279 ms)

========================================================================
Received Prepare
Registering precompiled user dll's ...
Registered in 0.000837 seconds.
Begin MonoManager ReloadAssembly
Native extension for LinuxStandalone target not found
Refreshing native plugins compatible for Editor in 0.46 ms, found 1 plugins.
Preloading 0 native plugins for Editor in 0.00 ms.
Mono: successfully reloaded assembly
- Completed reload, in  0.985 seconds
Platform modules already initialized, skipping
Refreshing native plugins compatible for Editor in 0.77 ms, found 1 plugins.
Preloading 0 native plugins for Editor in 0.00 ms.
Unloading 1819 Unused Serialized files (Serialized files now loaded: 0)
System memory in use before: 80.9 MB.
System memory in use after: 80.9 MB.

Unloading 12 unused Assets to reduce memory usage. Loaded Objects now: 2287.
Total: 2.839316 ms (FindLiveObjects: 0.241674 ms CreateObjectMapping: 0.087849 ms MarkObjects: 2.399481 ms  DeleteObjects: 0.108703 ms)

========================================================================
Received Prepare
Registering precompiled user dll's ...
Registered in 0.000885 seconds.
Begin MonoManager ReloadAssembly
Native extension for LinuxStandalone target not found
Refreshing native plugins compatible for Editor in 0.38 ms, found 1 plugins.
Preloading 0 native plugins for Editor in 0.00 ms.
Mono: successfully reloaded assembly
- Completed reload, in  0.903 seconds
Platform modules already initialized, skipping
Refreshing native plugins compatible for Editor in 0.37 ms, found 1 plugins.
Preloading 0 native plugins for Editor in 0.00 ms.
Unloading 1819 Unused Serialized files (Serialized files now loaded: 0)
System memory in use before: 81.0 MB.
System memory in use after: 80.9 MB.

Unloading 12 unused Assets to reduce memory usage. Loaded Objects now: 2291.
Total: 2.608408 ms (FindLiveObjects: 0.213869 ms CreateObjectMapping: 0.100797 ms MarkObjects: 2.179740 ms  DeleteObjects: 0.113006 ms)

========================================================================
Received Prepare
Registering precompiled user dll's ...
Registered in 0.000780 seconds.
Begin MonoManager ReloadAssembly
Native extension for LinuxStandalone target not found
Refreshing native plugins compatible for Editor in 0.48 ms, found 1 plugins.
Preloading 0 native plugins for Editor in 0.00 ms.
Mono: successfully reloaded assembly
- Completed reload, in  0.905 seconds
Platform modules already initialized, skipping
Refreshing native plugins compatible for Editor in 0.43 ms, found 1 plugins.
Preloading 0 native plugins for Editor in 0.00 ms.
Unloading 1819 Unused Serialized files (Serialized files now loaded: 0)
System memory in use before: 81.0 MB.
System memory in use after: 81.0 MB.

Unloading 12 unused Assets to reduce memory usage. Loaded Objects now: 2295.
Total: 2.696467 ms (FindLiveObjects: 0.186831 ms CreateObjectMapping: 0.067261 ms MarkObjects: 2.329981 ms  DeleteObjects: 0.111149 ms)

========================================================================
Received Prepare
Registering precompiled user dll's ...
Registered in 0.000734 seconds.
Begin MonoManager ReloadAssembly
Native extension for LinuxStandalone target not found
Refreshing native plugins compatible for Editor in 0.49 ms, found 1 plugins.
Preloading 0 native plugins for Editor in 0.00 ms.
Mono: successfully reloaded assembly
- Completed reload, in  1.036 seconds
Platform modules already initialized, skipping
Refreshing native plugins compatible for Editor in 0.36 ms, found 1 plugins.
Preloading 0 native plugins for Editor in 0.00 ms.
Unloading 1819 Unused Serialized files (Serialized files now loaded: 0)
System memory in use before: 81.0 MB.
System memory in use after: 81.0 MB.

Unloading 12 unused Assets to reduce memory usage. Loaded Objects now: 2299.
Total: 2.755559 ms (FindLiveObjects: 0.211845 ms CreateObjectMapping: 0.075777 ms MarkObjects: 2.356138 ms  DeleteObjects: 0.110570 ms)

========================================================================
Received Prepare
Registering precompiled user dll's ...
Registered in 0.000779 seconds.
Begin MonoManager ReloadAssembly
Native extension for LinuxStandalone target not found
Refreshing native plugins compatible for Editor in 0.56 ms, found 1 plugins.
Preloading 0 native plugins for Editor in 0.00 ms.
Mono: successfully reloaded assembly
- Completed reload, in  0.859 seconds
Platform modules already initialized, skipping
Refreshing native plugins compatible for Editor in 0.35 ms, found 1 plugins.
Preloading 0 native plugins for Editor in 0.00 ms.
Unloading 1819 Unused Serialized files (Serialized files now loaded: 0)
System memory in use before: 81.0 MB.
System memory in use after: 81.0 MB.

Unloading 12 unused Assets to reduce memory usage. Loaded Objects now: 2303.
Total: 3.045888 ms (FindLiveObjects: 0.213997 ms CreateObjectMapping: 0.086209 ms MarkObjects: 2.602384 ms  DeleteObjects: 0.140976 ms)

========================================================================
Received Prepare
Registering precompiled user dll's ...
Registered in 0.000751 seconds.
Begin MonoManager ReloadAssembly
Native extension for LinuxStandalone target not found
Refreshing native plugins compatible for Editor in 0.65 ms, found 1 plugins.
Preloading 0 native plugins for Editor in 0.00 ms.
Mono: successfully reloaded assembly
- Completed reload, in  0.983 seconds
Platform modules already initialized, skipping
Refreshing native plugins compatible for Editor in 0.35 ms, found 1 plugins.
Preloading 0 native plugins for Editor in 0.00 ms.
Unloading 1819 Unused Serialized files (Serialized files now loaded: 0)
System memory in use before: 81.0 MB.
System memory in use after: 81.0 MB.

Unloading 12 unused Assets to reduce memory usage. Loaded Objects now: 2307.
Total: 2.748359 ms (FindLiveObjects: 0.215079 ms CreateObjectMapping: 0.066339 ms MarkObjects: 2.356379 ms  DeleteObjects: 0.108757 ms)

========================================================================
Received Prepare
Registering precompiled user dll's ...
Registered in 0.000746 seconds.
Begin MonoManager ReloadAssembly
Native extension for LinuxStandalone target not found
Refreshing native plugins compatible for Editor in 0.37 ms, found 1 plugins.
Preloading 0 native plugins for Editor in 0.00 ms.
Mono: successfully reloaded assembly
- Completed reload, in  0.938 seconds
Platform modules already initialized, skipping
Refreshing native plugins compatible for Editor in 0.37 ms, found 1 plugins.
Preloading 0 native plugins for Editor in 0.00 ms.
Unloading 1819 Unused Serialized files (Serialized files now loaded: 0)
System memory in use before: 81.0 MB.
System memory in use after: 81.0 MB.

Unloading 12 unused Assets to reduce memory usage. Loaded Objects now: 2311.
Total: 3.015920 ms (FindLiveObjects: 0.236907 ms CreateObjectMapping: 0.122891 ms MarkObjects: 2.538402 ms  DeleteObjects: 0.116155 ms)

========================================================================
Received Prepare
Registering precompiled user dll's ...
Registered in 0.000789 seconds.
Begin MonoManager ReloadAssembly
Native extension for LinuxStandalone target not found
Refreshing native plugins compatible for Editor in 0.36 ms, found 1 plugins.
Preloading 0 native plugins for Editor in 0.00 ms.
Mono: successfully reloaded assembly
- Completed reload, in  0.960 seconds
Platform modules already initialized, skipping
Refreshing native plugins compatible for Editor in 0.35 ms, found 1 plugins.
Preloading 0 native plugins for Editor in 0.00 ms.
Unloading 1819 Unused Serialized files (Serialized files now loaded: 0)
System memory in use before: 81.0 MB.
System memory in use after: 81.0 MB.

Unloading 12 unused Assets to reduce memory usage. Loaded Objects now: 2315.
Total: 2.725356 ms (FindLiveObjects: 0.202723 ms CreateObjectMapping: 0.072848 ms MarkObjects: 2.338423 ms  DeleteObjects: 0.110353 ms)

========================================================================
Received Prepare
Registering precompiled user dll's ...
Registered in 0.000747 seconds.
Begin MonoManager ReloadAssembly
Native extension for LinuxStandalone target not found
Refreshing native plugins compatible for Editor in 0.68 ms, found 1 plugins.
Preloading 0 native plugins for Editor in 0.00 ms.
Mono: successfully reloaded assembly
- Completed reload, in  0.857 seconds
Platform modules already initialized, skipping
Refreshing native plugins compatible for Editor in 0.36 ms, found 1 plugins.
Preloading 0 native plugins for Editor in 0.00 ms.
Unloading 1819 Unused Serialized files (Serialized files now loaded: 0)
System memory in use before: 81.0 MB.
System memory in use after: 81.0 MB.

Unloading 12 unused Assets to reduce memory usage. Loaded Objects now: 2319.
Total: 2.672744 ms (FindLiveObjects: 0.202358 ms CreateObjectMapping: 0.074767 ms MarkObjects: 2.281689 ms  DeleteObjects: 0.112414 ms)

========================================================================
Received Prepare
Registering precompiled user dll's ...
Registered in 0.000732 seconds.
Begin MonoManager ReloadAssembly
Native extension for LinuxStandalone target not found
Refreshing native plugins compatible for Editor in 0.39 ms, found 1 plugins.
Preloading 0 native plugins for Editor in 0.00 ms.
Mono: successfully reloaded assembly
- Completed reload, in  1.194 seconds
Platform modules already initialized, skipping
Refreshing native plugins compatible for Editor in 0.48 ms, found 1 plugins.
Preloading 0 native plugins for Editor in 0.00 ms.
Unloading 1819 Unused Serialized files (Serialized files now loaded: 0)
System memory in use before: 81.0 MB.
System memory in use after: 81.0 MB.

Unloading 12 unused Assets to reduce memory usage. Loaded Objects now: 2323.
Total: 2.765565 ms (FindLiveObjects: 0.208428 ms CreateObjectMapping: 0.079333 ms MarkObjects: 2.359341 ms  DeleteObjects: 0.116681 ms)

========================================================================
Received Prepare
Registering precompiled user dll's ...
Registered in 0.000753 seconds.
Begin MonoManager ReloadAssembly
Native extension for LinuxStandalone target not found
Refreshing native plugins compatible for Editor in 0.41 ms, found 1 plugins.
Preloading 0 native plugins for Editor in 0.00 ms.
Mono: successfully reloaded assembly
- Completed reload, in  0.874 seconds
Platform modules already initialized, skipping
Refreshing native plugins compatible for Editor in 0.35 ms, found 1 plugins.
Preloading 0 native plugins for Editor in 0.00 ms.
Unloading 1819 Unused Serialized files (Serialized files now loaded: 0)
System memory in use before: 81.0 MB.
System memory in use after: 81.0 MB.

Unloading 12 unused Assets to reduce memory usage. Loaded Objects now: 2327.
Total: 2.867866 ms (FindLiveObjects: 0.216195 ms CreateObjectMapping: 0.091600 ms MarkObjects: 2.444173 ms  DeleteObjects: 0.113681 ms)

========================================================================
Received Prepare
Registering precompiled user dll's ...
Registered in 0.000928 seconds.
Begin MonoManager ReloadAssembly
Native extension for LinuxStandalone target not found
Refreshing native plugins compatible for Editor in 0.43 ms, found 1 plugins.
Preloading 0 native plugins for Editor in 0.00 ms.
Mono: successfully reloaded assembly
- Completed reload, in  1.019 seconds
Platform modules already initialized, skipping
Refreshing native plugins compatible for Editor in 0.35 ms, found 1 plugins.
Preloading 0 native plugins for Editor in 0.00 ms.
Unloading 1819 Unused Serialized files (Serialized files now loaded: 0)
System memory in use before: 81.0 MB.
System memory in use after: 81.0 MB.

Unloading 12 unused Assets to reduce memory usage. Loaded Objects now: 2331.
Total: 2.670738 ms (FindLiveObjects: 0.204089 ms CreateObjectMapping: 0.063205 ms MarkObjects: 2.290906 ms  DeleteObjects: 0.111256 ms)

========================================================================
Received Prepare
Registering precompiled user dll's ...
Registered in 0.000820 seconds.
Begin MonoManager ReloadAssembly
Native extension for LinuxStandalone target not found
Refreshing native plugins compatible for Editor in 0.42 ms, found 1 plugins.
Preloading 0 native plugins for Editor in 0.00 ms.
Mono: successfully reloaded assembly
- Completed reload, in  0.901 seconds
Platform modules already initialized, skipping
Refreshing native plugins compatible for Editor in 0.35 ms, found 1 plugins.
Preloading 0 native plugins for Editor in 0.00 ms.
Unloading 1819 Unused Serialized files (Serialized files now loaded: 0)
System memory in use before: 81.0 MB.
System memory in use after: 81.0 MB.

Unloading 12 unused Assets to reduce memory usage. Loaded Objects now: 2335.
Total: 2.906046 ms (FindLiveObjects: 0.225901 ms CreateObjectMapping: 0.089511 ms MarkObjects: 2.462397 ms  DeleteObjects: 0.126140 ms)

========================================================================
Received Prepare
Registering precompiled user dll's ...
Registered in 0.000870 seconds.
Begin MonoManager ReloadAssembly
Native extension for LinuxStandalone target not found
Refreshing native plugins compatible for Editor in 0.63 ms, found 1 plugins.
Preloading 0 native plugins for Editor in 0.00 ms.
Mono: successfully reloaded assembly
- Completed reload, in  0.921 seconds
Platform modules already initialized, skipping
Refreshing native plugins compatible for Editor in 0.36 ms, found 1 plugins.
Preloading 0 native plugins for Editor in 0.00 ms.
Unloading 1819 Unused Serialized files (Serialized files now loaded: 0)
System memory in use before: 81.0 MB.
System memory in use after: 81.0 MB.

Unloading 12 unused Assets to reduce memory usage. Loaded Objects now: 2339.
Total: 6.519847 ms (FindLiveObjects: 0.472011 ms CreateObjectMapping: 0.186906 ms MarkObjects: 5.649084 ms  DeleteObjects: 0.208843 ms)

========================================================================
Received Prepare
Registering precompiled user dll's ...
Registered in 0.000776 seconds.
Begin MonoManager ReloadAssembly
Native extension for LinuxStandalone target not found
Refreshing native plugins compatible for Editor in 0.63 ms, found 1 plugins.
Preloading 0 native plugins for Editor in 0.00 ms.
Mono: successfully reloaded assembly
- Completed reload, in  1.006 seconds
Platform modules already initialized, skipping
Refreshing native plugins compatible for Editor in 0.63 ms, found 1 plugins.
Preloading 0 native plugins for Editor in 0.00 ms.
Unloading 1819 Unused Serialized files (Serialized files now loaded: 0)
System memory in use before: 81.0 MB.
System memory in use after: 81.0 MB.

Unloading 12 unused Assets to reduce memory usage. Loaded Objects now: 2343.
Total: 3.305039 ms (FindLiveObjects: 0.202862 ms CreateObjectMapping: 0.072809 ms MarkObjects: 2.870825 ms  DeleteObjects: 0.157011 ms)

========================================================================
Received Prepare
Registering precompiled user dll's ...
Registered in 0.001284 seconds.
Begin MonoManager ReloadAssembly
Native extension for LinuxStandalone target not found
Refreshing native plugins compatible for Editor in 0.57 ms, found 1 plugins.
Preloading 0 native plugins for Editor in 0.00 ms.
Mono: successfully reloaded assembly
- Completed reload, in  0.919 seconds
Platform modules already initialized, skipping
Refreshing native plugins compatible for Editor in 0.35 ms, found 1 plugins.
Preloading 0 native plugins for Editor in 0.00 ms.
Unloading 1819 Unused Serialized files (Serialized files now loaded: 0)
System memory in use before: 81.1 MB.
System memory in use after: 81.1 MB.

Unloading 12 unused Assets to reduce memory usage. Loaded Objects now: 2347.
Total: 2.800473 ms (FindLiveObjects: 0.209728 ms CreateObjectMapping: 0.064062 ms MarkObjects: 2.413884 ms  DeleteObjects: 0.111516 ms)

========================================================================
Received Prepare
Registering precompiled user dll's ...
Registered in 0.001147 seconds.
Begin MonoManager ReloadAssembly
Native extension for LinuxStandalone target not found
Refreshing native plugins compatible for Editor in 0.36 ms, found 1 plugins.
Preloading 0 native plugins for Editor in 0.00 ms.
Mono: successfully reloaded assembly
- Completed reload, in  0.934 seconds
Platform modules already initialized, skipping
Refreshing native plugins compatible for Editor in 0.35 ms, found 1 plugins.
Preloading 0 native plugins for Editor in 0.00 ms.
Unloading 1819 Unused Serialized files (Serialized files now loaded: 0)
System memory in use before: 81.1 MB.
System memory in use after: 81.1 MB.

Unloading 12 unused Assets to reduce memory usage. Loaded Objects now: 2351.
Total: 3.098657 ms (FindLiveObjects: 0.309444 ms CreateObjectMapping: 0.121359 ms MarkObjects: 2.535937 ms  DeleteObjects: 0.129675 ms)

========================================================================
Received Import Request.
  Time since last request: 1736.633541 seconds.
  path: Assets/GameObjects/Bullet.prefab
  artifactKey: Guid(b3378264c66638d4d9005f8217c5be35) Importer(815301076,1909f56bfc062723c751e8b465ee728b)
Start importing Assets/GameObjects/Bullet.prefab using Guid(b3378264c66638d4d9005f8217c5be35) Importer(815301076,1909f56bfc062723c751e8b465ee728b)  -> (artifact id: '502a7425e7c6870502447d42a8abf3b2') in 0.058357 seconds
  Import took 0.061340 seconds .

========================================================================
Received Import Request.
  Time since last request: 0.049218 seconds.
  path: Assets/GameObjects/Bullet.prefab
  artifactKey: Guid(b3378264c66638d4d9005f8217c5be35) Importer(815301076,1909f56bfc062723c751e8b465ee728b)
Start importing Assets/GameObjects/Bullet.prefab using Guid(b3378264c66638d4d9005f8217c5be35) Importer(815301076,1909f56bfc062723c751e8b465ee728b)  -> (artifact id: '502a7425e7c6870502447d42a8abf3b2') in 0.005237 seconds
  Import took 0.008150 seconds .

========================================================================
Received Prepare
Registering precompiled user dll's ...
Registered in 0.000840 seconds.
Begin MonoManager ReloadAssembly
Native extension for LinuxStandalone target not found
Refreshing native plugins compatible for Editor in 0.53 ms, found 1 plugins.
Preloading 0 native plugins for Editor in 0.00 ms.
Mono: successfully reloaded assembly
- Completed reload, in  1.124 seconds
Platform modules already initialized, skipping
Refreshing native plugins compatible for Editor in 0.35 ms, found 1 plugins.
Preloading 0 native plugins for Editor in 0.00 ms.
Unloading 1819 Unused Serialized files (Serialized files now loaded: 0)
System memory in use before: 81.1 MB.
System memory in use after: 81.1 MB.

Unloading 12 unused Assets to reduce memory usage. Loaded Objects now: 2356.
Total: 2.663651 ms (FindLiveObjects: 0.240386 ms CreateObjectMapping: 0.079583 ms MarkObjects: 2.222320 ms  DeleteObjects: 0.119579 ms)

========================================================================
Received Prepare
Registering precompiled user dll's ...
Registered in 0.000955 seconds.
Begin MonoManager ReloadAssembly
Native extension for LinuxStandalone target not found
Refreshing native plugins compatible for Editor in 0.44 ms, found 1 plugins.
Preloading 0 native plugins for Editor in 0.00 ms.
Mono: successfully reloaded assembly
- Completed reload, in  0.967 seconds
Platform modules already initialized, skipping
Refreshing native plugins compatible for Editor in 0.37 ms, found 1 plugins.
Preloading 0 native plugins for Editor in 0.00 ms.
Unloading 1819 Unused Serialized files (Serialized files now loaded: 0)
System memory in use before: 81.1 MB.
System memory in use after: 81.1 MB.

Unloading 12 unused Assets to reduce memory usage. Loaded Objects now: 2360.
Total: 3.115321 ms (FindLiveObjects: 0.200691 ms CreateObjectMapping: 0.073916 ms MarkObjects: 2.711661 ms  DeleteObjects: 0.127970 ms)

========================================================================
Received Prepare
Registering precompiled user dll's ...
Registered in 0.000859 seconds.
Begin MonoManager ReloadAssembly
Native extension for LinuxStandalone target not found
Refreshing native plugins compatible for Editor in 0.43 ms, found 1 plugins.
Preloading 0 native plugins for Editor in 0.00 ms.
Mono: successfully reloaded assembly
- Completed reload, in  1.029 seconds
Platform modules already initialized, skipping
Refreshing native plugins compatible for Editor in 0.38 ms, found 1 plugins.
Preloading 0 native plugins for Editor in 0.00 ms.
Unloading 1819 Unused Serialized files (Serialized files now loaded: 0)
System memory in use before: 81.1 MB.
System memory in use after: 81.1 MB.

Unloading 12 unused Assets to reduce memory usage. Loaded Objects now: 2364.
Total: 2.876891 ms (FindLiveObjects: 0.266277 ms CreateObjectMapping: 0.082255 ms MarkObjects: 2.412071 ms  DeleteObjects: 0.114427 ms)

========================================================================
Received Prepare
Registering precompiled user dll's ...
Registered in 0.000831 seconds.
Begin MonoManager ReloadAssembly
Native extension for LinuxStandalone target not found
Refreshing native plugins compatible for Editor in 0.60 ms, found 1 plugins.
Preloading 0 native plugins for Editor in 0.00 ms.
Mono: successfully reloaded assembly
- Completed reload, in  1.103 seconds
Platform modules already initialized, skipping
Refreshing native plugins compatible for Editor in 0.66 ms, found 1 plugins.
Preloading 0 native plugins for Editor in 0.00 ms.
Unloading 1819 Unused Serialized files (Serialized files now loaded: 0)
System memory in use before: 81.1 MB.
System memory in use after: 81.1 MB.

Unloading 12 unused Assets to reduce memory usage. Loaded Objects now: 2368.
Total: 3.342428 ms (FindLiveObjects: 0.342286 ms CreateObjectMapping: 0.135266 ms MarkObjects: 2.708720 ms  DeleteObjects: 0.154125 ms)

========================================================================
Received Prepare
Registering precompiled user dll's ...
Registered in 0.000747 seconds.
Begin MonoManager ReloadAssembly
Native extension for LinuxStandalone target not found
Refreshing native plugins compatible for Editor in 0.48 ms, found 1 plugins.
Preloading 0 native plugins for Editor in 0.00 ms.
Mono: successfully reloaded assembly
- Completed reload, in  0.867 seconds
Platform modules already initialized, skipping
Refreshing native plugins compatible for Editor in 0.41 ms, found 1 plugins.
Preloading 0 native plugins for Editor in 0.00 ms.
Unloading 1819 Unused Serialized files (Serialized files now loaded: 0)
System memory in use before: 81.1 MB.
System memory in use after: 81.1 MB.

Unloading 12 unused Assets to reduce memory usage. Loaded Objects now: 2372.
Total: 2.768334 ms (FindLiveObjects: 0.210864 ms CreateObjectMapping: 0.068563 ms MarkObjects: 2.350000 ms  DeleteObjects: 0.137365 ms)

========================================================================
Received Prepare
Registering precompiled user dll's ...
Registered in 0.001081 seconds.
Begin MonoManager ReloadAssembly
Native extension for LinuxStandalone target not found
Refreshing native plugins compatible for Editor in 0.41 ms, found 1 plugins.
Preloading 0 native plugins for Editor in 0.00 ms.
Mono: successfully reloaded assembly
- Completed reload, in  0.976 seconds
Platform modules already initialized, skipping
Refreshing native plugins compatible for Editor in 0.35 ms, found 1 plugins.
Preloading 0 native plugins for Editor in 0.00 ms.
Unloading 1819 Unused Serialized files (Serialized files now loaded: 0)
System memory in use before: 81.1 MB.
System memory in use after: 81.1 MB.

Unloading 12 unused Assets to reduce memory usage. Loaded Objects now: 2376.
Total: 2.773294 ms (FindLiveObjects: 0.195773 ms CreateObjectMapping: 0.068364 ms MarkObjects: 2.393988 ms  DeleteObjects: 0.114156 ms)

========================================================================
Received Prepare
Registering precompiled user dll's ...
Registered in 0.000837 seconds.
Begin MonoManager ReloadAssembly
Native extension for LinuxStandalone target not found
Refreshing native plugins compatible for Editor in 0.38 ms, found 1 plugins.
Preloading 0 native plugins for Editor in 0.00 ms.
Mono: successfully reloaded assembly
- Completed reload, in  0.962 seconds
Platform modules already initialized, skipping
Refreshing native plugins compatible for Editor in 0.37 ms, found 1 plugins.
Preloading 0 native plugins for Editor in 0.00 ms.
Unloading 1819 Unused Serialized files (Serialized files now loaded: 0)
System memory in use before: 81.1 MB.
System memory in use after: 81.1 MB.

Unloading 12 unused Assets to reduce memory usage. Loaded Objects now: 2380.
Total: 2.978206 ms (FindLiveObjects: 0.203706 ms CreateObjectMapping: 0.073337 ms MarkObjects: 2.583244 ms  DeleteObjects: 0.116111 ms)

========================================================================
Received Prepare
Registering precompiled user dll's ...
Registered in 0.000748 seconds.
Begin MonoManager ReloadAssembly
Native extension for LinuxStandalone target not found
Refreshing native plugins compatible for Editor in 0.37 ms, found 1 plugins.
Preloading 0 native plugins for Editor in 0.00 ms.
Mono: successfully reloaded assembly
- Completed reload, in  0.892 seconds
Platform modules already initialized, skipping
Refreshing native plugins compatible for Editor in 0.38 ms, found 1 plugins.
Preloading 0 native plugins for Editor in 0.00 ms.
Unloading 1819 Unused Serialized files (Serialized files now loaded: 0)
System memory in use before: 81.1 MB.
System memory in use after: 81.1 MB.

Unloading 12 unused Assets to reduce memory usage. Loaded Objects now: 2384.
Total: 2.779535 ms (FindLiveObjects: 0.211799 ms CreateObjectMapping: 0.067326 ms MarkObjects: 2.385590 ms  DeleteObjects: 0.113492 ms)

========================================================================
Received Prepare
Registering precompiled user dll's ...
Registered in 0.000745 seconds.
Begin MonoManager ReloadAssembly
Native extension for LinuxStandalone target not found
Refreshing native plugins compatible for Editor in 0.37 ms, found 1 plugins.
Preloading 0 native plugins for Editor in 0.00 ms.
Mono: successfully reloaded assembly
- Completed reload, in  0.869 seconds
Platform modules already initialized, skipping
Refreshing native plugins compatible for Editor in 0.37 ms, found 1 plugins.
Preloading 0 native plugins for Editor in 0.00 ms.
Unloading 1819 Unused Serialized files (Serialized files now loaded: 0)
System memory in use before: 81.1 MB.
System memory in use after: 81.1 MB.

Unloading 12 unused Assets to reduce memory usage. Loaded Objects now: 2388.
Total: 2.818199 ms (FindLiveObjects: 0.225097 ms CreateObjectMapping: 0.066111 ms MarkObjects: 2.393790 ms  DeleteObjects: 0.131769 ms)

========================================================================
Received Prepare
Registering precompiled user dll's ...
Registered in 0.001008 seconds.
Begin MonoManager ReloadAssembly
Native extension for LinuxStandalone target not found
Refreshing native plugins compatible for Editor in 0.48 ms, found 1 plugins.
Preloading 0 native plugins for Editor in 0.00 ms.
Mono: successfully reloaded assembly
- Completed reload, in  0.885 seconds
Platform modules already initialized, skipping
Refreshing native plugins compatible for Editor in 0.39 ms, found 1 plugins.
Preloading 0 native plugins for Editor in 0.00 ms.
Unloading 1819 Unused Serialized files (Serialized files now loaded: 0)
System memory in use before: 81.2 MB.
System memory in use after: 81.2 MB.

Unloading 12 unused Assets to reduce memory usage. Loaded Objects now: 2392.
Total: 2.680940 ms (FindLiveObjects: 0.213236 ms CreateObjectMapping: 0.066027 ms MarkObjects: 2.288489 ms  DeleteObjects: 0.111884 ms)

========================================================================
Received Prepare
Registering precompiled user dll's ...
Registered in 0.000782 seconds.
Begin MonoManager ReloadAssembly
Native extension for LinuxStandalone target not found
Refreshing native plugins compatible for Editor in 0.40 ms, found 1 plugins.
Preloading 0 native plugins for Editor in 0.00 ms.
Mono: successfully reloaded assembly
- Completed reload, in  0.906 seconds
Platform modules already initialized, skipping
Refreshing native plugins compatible for Editor in 0.35 ms, found 1 plugins.
Preloading 0 native plugins for Editor in 0.00 ms.
Unloading 1819 Unused Serialized files (Serialized files now loaded: 0)
System memory in use before: 81.2 MB.
System memory in use after: 81.2 MB.

Unloading 12 unused Assets to reduce memory usage. Loaded Objects now: 2396.
Total: 2.860462 ms (FindLiveObjects: 0.239078 ms CreateObjectMapping: 0.070737 ms MarkObjects: 2.434438 ms  DeleteObjects: 0.115008 ms)

========================================================================
Received Prepare
Registering precompiled user dll's ...
Registered in 0.000733 seconds.
Begin MonoManager ReloadAssembly
Native extension for LinuxStandalone target not found
Refreshing native plugins compatible for Editor in 0.50 ms, found 1 plugins.
Preloading 0 native plugins for Editor in 0.00 ms.
Mono: successfully reloaded assembly
- Completed reload, in  0.874 seconds
Platform modules already initialized, skipping
Refreshing native plugins compatible for Editor in 0.36 ms, found 1 plugins.
Preloading 0 native plugins for Editor in 0.00 ms.
Unloading 1819 Unused Serialized files (Serialized files now loaded: 0)
System memory in use before: 81.2 MB.
System memory in use after: 81.2 MB.

Unloading 12 unused Assets to reduce memory usage. Loaded Objects now: 2400.
Total: 2.753273 ms (FindLiveObjects: 0.210077 ms CreateObjectMapping: 0.074480 ms MarkObjects: 2.350285 ms  DeleteObjects: 0.116670 ms)

========================================================================
Received Prepare
Registering precompiled user dll's ...
Registered in 0.000787 seconds.
Begin MonoManager ReloadAssembly
Native extension for LinuxStandalone target not found
Refreshing native plugins compatible for Editor in 0.38 ms, found 1 plugins.
Preloading 0 native plugins for Editor in 0.00 ms.
Mono: successfully reloaded assembly
- Completed reload, in  0.945 seconds
Platform modules already initialized, skipping
Refreshing native plugins compatible for Editor in 0.57 ms, found 1 plugins.
Preloading 0 native plugins for Editor in 0.00 ms.
Unloading 1819 Unused Serialized files (Serialized files now loaded: 0)
System memory in use before: 81.2 MB.
System memory in use after: 81.2 MB.

Unloading 12 unused Assets to reduce memory usage. Loaded Objects now: 2404.
Total: 3.293016 ms (FindLiveObjects: 0.236114 ms CreateObjectMapping: 0.076310 ms MarkObjects: 2.840452 ms  DeleteObjects: 0.138577 ms)

========================================================================
Received Prepare
Registering precompiled user dll's ...
Registered in 0.000758 seconds.
Begin MonoManager ReloadAssembly
Native extension for LinuxStandalone target not found
Refreshing native plugins compatible for Editor in 0.36 ms, found 1 plugins.
Preloading 0 native plugins for Editor in 0.00 ms.
Mono: successfully reloaded assembly
- Completed reload, in  0.845 seconds
Platform modules already initialized, skipping
Refreshing native plugins compatible for Editor in 0.36 ms, found 1 plugins.
Preloading 0 native plugins for Editor in 0.00 ms.
Unloading 1819 Unused Serialized files (Serialized files now loaded: 0)
System memory in use before: 81.2 MB.
System memory in use after: 81.2 MB.

Unloading 12 unused Assets to reduce memory usage. Loaded Objects now: 2408.
Total: 2.938494 ms (FindLiveObjects: 0.226278 ms CreateObjectMapping: 0.121173 ms MarkObjects: 2.472408 ms  DeleteObjects: 0.116366 ms)

========================================================================
Received Prepare
Registering precompiled user dll's ...
Registered in 0.000711 seconds.
Begin MonoManager ReloadAssembly
Native extension for LinuxStandalone target not found
Refreshing native plugins compatible for Editor in 0.37 ms, found 1 plugins.
Preloading 0 native plugins for Editor in 0.00 ms.
Mono: successfully reloaded assembly
- Completed reload, in  1.050 seconds
Platform modules already initialized, skipping
Refreshing native plugins compatible for Editor in 0.37 ms, found 1 plugins.
Preloading 0 native plugins for Editor in 0.00 ms.
Unloading 1819 Unused Serialized files (Serialized files now loaded: 0)
System memory in use before: 81.2 MB.
System memory in use after: 81.2 MB.

Unloading 12 unused Assets to reduce memory usage. Loaded Objects now: 2412.
Total: 3.502220 ms (FindLiveObjects: 0.292615 ms CreateObjectMapping: 0.122454 ms MarkObjects: 2.940059 ms  DeleteObjects: 0.145208 ms)

========================================================================
Received Prepare
Registering precompiled user dll's ...
Registered in 0.000829 seconds.
Begin MonoManager ReloadAssembly
Native extension for LinuxStandalone target not found
Refreshing native plugins compatible for Editor in 0.65 ms, found 1 plugins.
Preloading 0 native plugins for Editor in 0.00 ms.
Mono: successfully reloaded assembly
- Completed reload, in  1.043 seconds
Platform modules already initialized, skipping
Refreshing native plugins compatible for Editor in 0.37 ms, found 1 plugins.
Preloading 0 native plugins for Editor in 0.00 ms.
Unloading 1819 Unused Serialized files (Serialized files now loaded: 0)
System memory in use before: 81.2 MB.
System memory in use after: 81.2 MB.

Unloading 12 unused Assets to reduce memory usage. Loaded Objects now: 2416.
Total: 3.506829 ms (FindLiveObjects: 0.254387 ms CreateObjectMapping: 0.087031 ms MarkObjects: 3.042703 ms  DeleteObjects: 0.120340 ms)

========================================================================
Received Prepare
Registering precompiled user dll's ...
Registered in 0.000837 seconds.
Begin MonoManager ReloadAssembly
Native extension for LinuxStandalone target not found
Refreshing native plugins compatible for Editor in 0.52 ms, found 1 plugins.
Preloading 0 native plugins for Editor in 0.00 ms.
Mono: successfully reloaded assembly
- Completed reload, in  1.048 seconds
Platform modules already initialized, skipping
Refreshing native plugins compatible for Editor in 0.42 ms, found 1 plugins.
Preloading 0 native plugins for Editor in 0.00 ms.
Unloading 1819 Unused Serialized files (Serialized files now loaded: 0)
System memory in use before: 81.2 MB.
System memory in use after: 81.2 MB.

Unloading 12 unused Assets to reduce memory usage. Loaded Objects now: 2420.
Total: 4.692168 ms (FindLiveObjects: 0.336549 ms CreateObjectMapping: 0.127695 ms MarkObjects: 4.045080 ms  DeleteObjects: 0.179181 ms)

========================================================================
Received Prepare
Registering precompiled user dll's ...
Registered in 0.000743 seconds.
Begin MonoManager ReloadAssembly
Native extension for LinuxStandalone target not found
Refreshing native plugins compatible for Editor in 0.38 ms, found 1 plugins.
Preloading 0 native plugins for Editor in 0.00 ms.
Mono: successfully reloaded assembly
- Completed reload, in  1.029 seconds
Platform modules already initialized, skipping
Refreshing native plugins compatible for Editor in 0.36 ms, found 1 plugins.
Preloading 0 native plugins for Editor in 0.00 ms.
Unloading 1819 Unused Serialized files (Serialized files now loaded: 0)
System memory in use before: 81.2 MB.
System memory in use after: 81.2 MB.

Unloading 12 unused Assets to reduce memory usage. Loaded Objects now: 2424.
Total: 3.740434 ms (FindLiveObjects: 0.244261 ms CreateObjectMapping: 0.085089 ms MarkObjects: 3.241502 ms  DeleteObjects: 0.168038 ms)

========================================================================
Received Prepare
Registering precompiled user dll's ...
Registered in 0.001014 seconds.
Begin MonoManager ReloadAssembly
Native extension for LinuxStandalone target not found
Refreshing native plugins compatible for Editor in 0.66 ms, found 1 plugins.
Preloading 0 native plugins for Editor in 0.00 ms.
Mono: successfully reloaded assembly
- Completed reload, in  1.134 seconds
Platform modules already initialized, skipping
Refreshing native plugins compatible for Editor in 0.64 ms, found 1 plugins.
Preloading 0 native plugins for Editor in 0.00 ms.
Unloading 1819 Unused Serialized files (Serialized files now loaded: 0)
System memory in use before: 81.2 MB.
System memory in use after: 81.2 MB.

Unloading 12 unused Assets to reduce memory usage. Loaded Objects now: 2428.
Total: 2.932750 ms (FindLiveObjects: 0.323274 ms CreateObjectMapping: 0.111845 ms MarkObjects: 2.380052 ms  DeleteObjects: 0.115936 ms)

========================================================================
Received Import Request.
  Time since last request: 1428.056116 seconds.
  path: Assets/GameObjects/IsometricDiamond.png
  artifactKey: Guid(a632433084d8e2ec9b3175a49c3674e5) Importer(815301076,1909f56bfc062723c751e8b465ee728b)
Start importing Assets/GameObjects/IsometricDiamond.png using Guid(a632433084d8e2ec9b3175a49c3674e5) Importer(815301076,1909f56bfc062723c751e8b465ee728b)  -> (artifact id: '728a9b727c85dd8e3f716e172673ca6b') in 0.063596 seconds
  Import took 0.066834 seconds .

========================================================================
Received Import Request.
  Time since last request: 0.002287 seconds.
  path: Assets/GameObjects/IsometricDiamond.png
  artifactKey: Guid(a632433084d8e2ec9b3175a49c3674e5) Importer(815301076,1909f56bfc062723c751e8b465ee728b)
Start importing Assets/GameObjects/IsometricDiamond.png using Guid(a632433084d8e2ec9b3175a49c3674e5) Importer(815301076,1909f56bfc062723c751e8b465ee728b)  -> (artifact id: '728a9b727c85dd8e3f716e172673ca6b') in 0.005712 seconds
  Import took 0.008769 seconds .

========================================================================
Received Import Request.
  Time since last request: 23.436996 seconds.
  path: Assets/GameObjects/stoneWall.png
  artifactKey: Guid(a9e0cd30d5f0793feab54ebb92901409) Importer(815301076,1909f56bfc062723c751e8b465ee728b)
Start importing Assets/GameObjects/stoneWall.png using Guid(a9e0cd30d5f0793feab54ebb92901409) Importer(815301076,1909f56bfc062723c751e8b465ee728b)  -> (artifact id: '39ad4a05a664f0cf668fd35d99058e58') in 0.006830 seconds
  Import took 0.010420 seconds .

========================================================================
Received Import Request.
  Time since last request: 89.251828 seconds.
  path: Assets/GameObjects/New Physics Material 2D.physicsMaterial2D
  artifactKey: Guid(b6b011ed26218c699968e158628cee1b) Importer(815301076,1909f56bfc062723c751e8b465ee728b)
Start importing Assets/GameObjects/New Physics Material 2D.physicsMaterial2D using Guid(b6b011ed26218c699968e158628cee1b) Importer(815301076,1909f56bfc062723c751e8b465ee728b)  -> (artifact id: '20f4190ea450959aba0d5f7a68b146fe') in 0.002654 seconds
  Import took 0.005683 seconds .

========================================================================
Received Import Request.
  Time since last request: 0.013578 seconds.
  path: Assets/GameObjects/New Physics Material 2D.physicsMaterial2D
  artifactKey: Guid(b6b011ed26218c699968e158628cee1b) Importer(815301076,1909f56bfc062723c751e8b465ee728b)
Start importing Assets/GameObjects/New Physics Material 2D.physicsMaterial2D using Guid(b6b011ed26218c699968e158628cee1b) Importer(815301076,1909f56bfc062723c751e8b465ee728b)  -> (artifact id: '20f4190ea450959aba0d5f7a68b146fe') in 0.002380 seconds
  Import took 0.005666 seconds .

========================================================================
Received Import Request.
  Time since last request: 39.397253 seconds.
  path: Assets/GameObjects/stoneWall.png
  artifactKey: Guid(6ecb66dbea555371ca65ac1fb0136951) Importer(815301076,1909f56bfc062723c751e8b465ee728b)
Start importing Assets/GameObjects/stoneWall.png using Guid(6ecb66dbea555371ca65ac1fb0136951) Importer(815301076,1909f56bfc062723c751e8b465ee728b)  -> (artifact id: '8383b73016181ad661a259eb425fdfde') in 0.008695 seconds
  Import took 0.012829 seconds .

========================================================================
Received Import Request.
  Time since last request: 121.382839 seconds.
  path: Assets/GameObjects/Square.png
  artifactKey: Guid(111d58f9555e0c91a844d0905c00b0e0) Importer(815301076,1909f56bfc062723c751e8b465ee728b)
Start importing Assets/GameObjects/Square.png using Guid(111d58f9555e0c91a844d0905c00b0e0) Importer(815301076,1909f56bfc062723c751e8b465ee728b)  -> (artifact id: 'b767ce655da44bb143797e4250b4bd7b') in 0.008538 seconds
  Import took 0.012616 seconds .

========================================================================
Received Import Request.
  Time since last request: 13.474517 seconds.
  path: Assets/GameObjects/stoneWall.png
  artifactKey: Guid(5f608fe965090512493726ac4dcab838) Importer(815301076,1909f56bfc062723c751e8b465ee728b)
Start importing Assets/GameObjects/stoneWall.png using Guid(5f608fe965090512493726ac4dcab838) Importer(815301076,1909f56bfc062723c751e8b465ee728b)  -> (artifact id: '4ab53d8cf87539237aabd2b92c1fbfa4') in 0.006633 seconds
  Import took 0.010530 seconds .

========================================================================
Received Import Request.
  Time since last request: 274.502054 seconds.
  path: Assets/GameObjects/StoneWall.prefab
  artifactKey: Guid(4bdd8c59b2bd90288865818a46daf416) Importer(815301076,1909f56bfc062723c751e8b465ee728b)
Start importing Assets/GameObjects/StoneWall.prefab using Guid(4bdd8c59b2bd90288865818a46daf416) Importer(815301076,1909f56bfc062723c751e8b465ee728b)  -> (artifact id: '192545415a1e059d92d7972e8718b921') in 0.032859 seconds
  Import took 0.035880 seconds .

========================================================================
Received Import Request.
  Time since last request: 0.009854 seconds.
  path: Assets/GameObjects/StoneWall.prefab
  artifactKey: Guid(4bdd8c59b2bd90288865818a46daf416) Importer(815301076,1909f56bfc062723c751e8b465ee728b)
Start importing Assets/GameObjects/StoneWall.prefab using Guid(4bdd8c59b2bd90288865818a46daf416) Importer(815301076,1909f56bfc062723c751e8b465ee728b)  -> (artifact id: '192545415a1e059d92d7972e8718b921') in 0.007522 seconds
  Import took 0.011981 seconds .

========================================================================
Received Prepare
Registering precompiled user dll's ...
Registered in 0.001181 seconds.
Begin MonoManager ReloadAssembly
Native extension for LinuxStandalone target not found
Refreshing native plugins compatible for Editor in 0.69 ms, found 1 plugins.
Preloading 0 native plugins for Editor in 0.00 ms.
Mono: successfully reloaded assembly
- Completed reload, in  1.058 seconds
Platform modules already initialized, skipping
Refreshing native plugins compatible for Editor in 0.36 ms, found 1 plugins.
Preloading 0 native plugins for Editor in 0.00 ms.
Unloading 1819 Unused Serialized files (Serialized files now loaded: 0)
System memory in use before: 81.2 MB.
System memory in use after: 81.2 MB.

Unloading 12 unused Assets to reduce memory usage. Loaded Objects now: 2439.
Total: 2.893937 ms (FindLiveObjects: 0.277433 ms CreateObjectMapping: 0.100632 ms MarkObjects: 2.393321 ms  DeleteObjects: 0.120507 ms)

========================================================================
Received Import Request.
  Time since last request: 45.373077 seconds.
  path: Assets/GameObjects/StoneWall.prefab
  artifactKey: Guid(4bdd8c59b2bd90288865818a46daf416) Importer(815301076,1909f56bfc062723c751e8b465ee728b)
Start importing Assets/GameObjects/StoneWall.prefab using Guid(4bdd8c59b2bd90288865818a46daf416) Importer(815301076,1909f56bfc062723c751e8b465ee728b)  -> (artifact id: 'd2b231e194903ac396bced87cbd915c6') in 0.066447 seconds
  Import took 0.070381 seconds .

========================================================================
Received Import Request.
  Time since last request: 7.691734 seconds.
  path: Assets/GameObjects/StoneWall.prefab
  artifactKey: Guid(4bdd8c59b2bd90288865818a46daf416) Importer(815301076,1909f56bfc062723c751e8b465ee728b)
Start importing Assets/GameObjects/StoneWall.prefab using Guid(4bdd8c59b2bd90288865818a46daf416) Importer(815301076,1909f56bfc062723c751e8b465ee728b)  -> (artifact id: 'b8967adb353ed5e4fc1b63da1ce09a3b') in 0.007629 seconds
  Import took 0.010601 seconds .

========================================================================
Received Import Request.
  Time since last request: 0.017402 seconds.
  path: Assets/GameObjects/StoneWall.prefab
  artifactKey: Guid(4bdd8c59b2bd90288865818a46daf416) Importer(815301076,1909f56bfc062723c751e8b465ee728b)
Start importing Assets/GameObjects/StoneWall.prefab using Guid(4bdd8c59b2bd90288865818a46daf416) Importer(815301076,1909f56bfc062723c751e8b465ee728b)  -> (artifact id: 'b8967adb353ed5e4fc1b63da1ce09a3b') in 0.006630 seconds
  Import took 0.011775 seconds .

========================================================================
Received Import Request.
  Time since last request: 6.260588 seconds.
  path: Assets/GameObjects/StoneWall.prefab
  artifactKey: Guid(4bdd8c59b2bd90288865818a46daf416) Importer(815301076,1909f56bfc062723c751e8b465ee728b)
Start importing Assets/GameObjects/StoneWall.prefab using Guid(4bdd8c59b2bd90288865818a46daf416) Importer(815301076,1909f56bfc062723c751e8b465ee728b)  -> (artifact id: '7b72c3f2165f5571313aff58bc18d87a') in 0.006706 seconds
  Import took 0.010248 seconds .

========================================================================
Received Import Request.
  Time since last request: 0.013158 seconds.
  path: Assets/GameObjects/StoneWall.prefab
  artifactKey: Guid(4bdd8c59b2bd90288865818a46daf416) Importer(815301076,1909f56bfc062723c751e8b465ee728b)
Start importing Assets/GameObjects/StoneWall.prefab using Guid(4bdd8c59b2bd90288865818a46daf416) Importer(815301076,1909f56bfc062723c751e8b465ee728b)  -> (artifact id: '7b72c3f2165f5571313aff58bc18d87a') in 0.006775 seconds
  Import took 0.012789 seconds .

========================================================================
Received Import Request.
  Time since last request: 3.617555 seconds.
  path: Assets/GameObjects/StoneWall.prefab
  artifactKey: Guid(4bdd8c59b2bd90288865818a46daf416) Importer(815301076,1909f56bfc062723c751e8b465ee728b)
Start importing Assets/GameObjects/StoneWall.prefab using Guid(4bdd8c59b2bd90288865818a46daf416) Importer(815301076,1909f56bfc062723c751e8b465ee728b)  -> (artifact id: 'a5617cb26a40b2029c09ae9ab3b36983') in 0.007936 seconds
  Import took 0.011897 seconds .

========================================================================
Received Import Request.
  Time since last request: 0.017697 seconds.
  path: Assets/GameObjects/StoneWall.prefab
  artifactKey: Guid(4bdd8c59b2bd90288865818a46daf416) Importer(815301076,1909f56bfc062723c751e8b465ee728b)
Start importing Assets/GameObjects/StoneWall.prefab using Guid(4bdd8c59b2bd90288865818a46daf416) Importer(815301076,1909f56bfc062723c751e8b465ee728b)  -> (artifact id: 'a5617cb26a40b2029c09ae9ab3b36983') in 0.006517 seconds
  Import took 0.011870 seconds .

========================================================================
Received Import Request.
  Time since last request: 327.575483 seconds.
  path: Assets/GameObjects/StoneWall.prefab
  artifactKey: Guid(4bdd8c59b2bd90288865818a46daf416) Importer(815301076,1909f56bfc062723c751e8b465ee728b)
Start importing Assets/GameObjects/StoneWall.prefab using Guid(4bdd8c59b2bd90288865818a46daf416) Importer(815301076,1909f56bfc062723c751e8b465ee728b)  -> (artifact id: '4a0a099ff9a8042f7cc3c51d437e7622') in 0.007637 seconds
  Import took 0.010650 seconds .

========================================================================
Received Import Request.
  Time since last request: 0.020524 seconds.
  path: Assets/GameObjects/StoneWall.prefab
  artifactKey: Guid(4bdd8c59b2bd90288865818a46daf416) Importer(815301076,1909f56bfc062723c751e8b465ee728b)
Start importing Assets/GameObjects/StoneWall.prefab using Guid(4bdd8c59b2bd90288865818a46daf416) Importer(815301076,1909f56bfc062723c751e8b465ee728b)  -> (artifact id: '4a0a099ff9a8042f7cc3c51d437e7622') in 0.006757 seconds
  Import took 0.011619 seconds .

========================================================================
Received Import Request.
  Time since last request: 8.275244 seconds.
  path: Assets/GameObjects/StoneWall.prefab
  artifactKey: Guid(4bdd8c59b2bd90288865818a46daf416) Importer(815301076,1909f56bfc062723c751e8b465ee728b)
Start importing Assets/GameObjects/StoneWall.prefab using Guid(4bdd8c59b2bd90288865818a46daf416) Importer(815301076,1909f56bfc062723c751e8b465ee728b)  -> (artifact id: 'd3155f6f5d285cae744a3a8e154553f6') in 0.007472 seconds
  Import took 0.010515 seconds .

========================================================================
Received Import Request.
  Time since last request: 0.015414 seconds.
  path: Assets/GameObjects/StoneWall.prefab
  artifactKey: Guid(4bdd8c59b2bd90288865818a46daf416) Importer(815301076,1909f56bfc062723c751e8b465ee728b)
Start importing Assets/GameObjects/StoneWall.prefab using Guid(4bdd8c59b2bd90288865818a46daf416) Importer(815301076,1909f56bfc062723c751e8b465ee728b)  -> (artifact id: 'd3155f6f5d285cae744a3a8e154553f6') in 0.009476 seconds
  Import took 0.013850 seconds .

========================================================================
Received Import Request.
  Time since last request: 3.048594 seconds.
  path: Assets/GameObjects/StoneWall.prefab
  artifactKey: Guid(4bdd8c59b2bd90288865818a46daf416) Importer(815301076,1909f56bfc062723c751e8b465ee728b)
Start importing Assets/GameObjects/StoneWall.prefab using Guid(4bdd8c59b2bd90288865818a46daf416) Importer(815301076,1909f56bfc062723c751e8b465ee728b)  -> (artifact id: 'ec0376c01c223196eda7cc2fc6d5b450') in 0.008161 seconds
  Import took 0.011479 seconds .

========================================================================
Received Import Request.
  Time since last request: 0.018405 seconds.
  path: Assets/GameObjects/StoneWall.prefab
  artifactKey: Guid(4bdd8c59b2bd90288865818a46daf416) Importer(815301076,1909f56bfc062723c751e8b465ee728b)
Start importing Assets/GameObjects/StoneWall.prefab using Guid(4bdd8c59b2bd90288865818a46daf416) Importer(815301076,1909f56bfc062723c751e8b465ee728b)  -> (artifact id: 'ec0376c01c223196eda7cc2fc6d5b450') in 0.008090 seconds
  Import took 0.012589 seconds .

========================================================================
Received Import Request.
  Time since last request: 20.088491 seconds.
  path: Assets/GameObjects/StoneWall.prefab
  artifactKey: Guid(4bdd8c59b2bd90288865818a46daf416) Importer(815301076,1909f56bfc062723c751e8b465ee728b)
Start importing Assets/GameObjects/StoneWall.prefab using Guid(4bdd8c59b2bd90288865818a46daf416) Importer(815301076,1909f56bfc062723c751e8b465ee728b)  -> (artifact id: '24b640994eb6130712193419689063a8') in 0.007300 seconds
  Import took 0.010511 seconds .

========================================================================
Received Import Request.
  Time since last request: 0.015400 seconds.
  path: Assets/GameObjects/StoneWall.prefab
  artifactKey: Guid(4bdd8c59b2bd90288865818a46daf416) Importer(815301076,1909f56bfc062723c751e8b465ee728b)
Start importing Assets/GameObjects/StoneWall.prefab using Guid(4bdd8c59b2bd90288865818a46daf416) Importer(815301076,1909f56bfc062723c751e8b465ee728b)  -> (artifact id: '24b640994eb6130712193419689063a8') in 0.008137 seconds
  Import took 0.012380 seconds .

========================================================================
Received Prepare
Registering precompiled user dll's ...
Registered in 0.000792 seconds.
Begin MonoManager ReloadAssembly
Native extension for LinuxStandalone target not found
Refreshing native plugins compatible for Editor in 0.44 ms, found 1 plugins.
Preloading 0 native plugins for Editor in 0.00 ms.
Mono: successfully reloaded assembly
- Completed reload, in  1.107 seconds
Platform modules already initialized, skipping
Refreshing native plugins compatible for Editor in 0.36 ms, found 1 plugins.
Preloading 0 native plugins for Editor in 0.00 ms.
Unloading 1819 Unused Serialized files (Serialized files now loaded: 0)
System memory in use before: 81.3 MB.
System memory in use after: 81.3 MB.

Unloading 12 unused Assets to reduce memory usage. Loaded Objects now: 2444.
Total: 2.903252 ms (FindLiveObjects: 0.279758 ms CreateObjectMapping: 0.131007 ms MarkObjects: 2.372099 ms  DeleteObjects: 0.118353 ms)

========================================================================
Received Prepare
Registering precompiled user dll's ...
Registered in 0.000731 seconds.
Begin MonoManager ReloadAssembly
Native extension for LinuxStandalone target not found
Refreshing native plugins compatible for Editor in 0.59 ms, found 1 plugins.
Preloading 0 native plugins for Editor in 0.00 ms.
Mono: successfully reloaded assembly
- Completed reload, in  0.898 seconds
Platform modules already initialized, skipping
Refreshing native plugins compatible for Editor in 0.36 ms, found 1 plugins.
Preloading 0 native plugins for Editor in 0.00 ms.
Unloading 1819 Unused Serialized files (Serialized files now loaded: 0)
System memory in use before: 81.3 MB.
System memory in use after: 81.3 MB.

Unloading 12 unused Assets to reduce memory usage. Loaded Objects now: 2448.
Total: 3.893465 ms (FindLiveObjects: 0.300069 ms CreateObjectMapping: 0.105189 ms MarkObjects: 3.337305 ms  DeleteObjects: 0.149099 ms)

========================================================================
Received Prepare
Registering precompiled user dll's ...
Registered in 0.000767 seconds.
Begin MonoManager ReloadAssembly
Native extension for LinuxStandalone target not found
Refreshing native plugins compatible for Editor in 0.62 ms, found 1 plugins.
Preloading 0 native plugins for Editor in 0.00 ms.
Mono: successfully reloaded assembly
- Completed reload, in  1.242 seconds
Platform modules already initialized, skipping
Refreshing native plugins compatible for Editor in 0.38 ms, found 1 plugins.
Preloading 0 native plugins for Editor in 0.00 ms.
Unloading 1819 Unused Serialized files (Serialized files now loaded: 0)
System memory in use before: 81.3 MB.
System memory in use after: 81.3 MB.

Unloading 12 unused Assets to reduce memory usage. Loaded Objects now: 2452.
Total: 3.818133 ms (FindLiveObjects: 0.237559 ms CreateObjectMapping: 0.105369 ms MarkObjects: 3.353511 ms  DeleteObjects: 0.120285 ms)

========================================================================
Received Prepare
Registering precompiled user dll's ...
Registered in 0.001108 seconds.
Begin MonoManager ReloadAssembly
Native extension for LinuxStandalone target not found
Refreshing native plugins compatible for Editor in 0.45 ms, found 1 plugins.
Preloading 0 native plugins for Editor in 0.00 ms.
Mono: successfully reloaded assembly
- Completed reload, in  0.926 seconds
Platform modules already initialized, skipping
Refreshing native plugins compatible for Editor in 0.36 ms, found 1 plugins.
Preloading 0 native plugins for Editor in 0.00 ms.
Unloading 1819 Unused Serialized files (Serialized files now loaded: 0)
System memory in use before: 81.3 MB.
System memory in use after: 81.3 MB.

Unloading 12 unused Assets to reduce memory usage. Loaded Objects now: 2456.
Total: 2.996647 ms (FindLiveObjects: 0.236826 ms CreateObjectMapping: 0.089920 ms MarkObjects: 2.551921 ms  DeleteObjects: 0.115990 ms)

========================================================================
Received Prepare
Registering precompiled user dll's ...
Registered in 0.001114 seconds.
Begin MonoManager ReloadAssembly
Native extension for LinuxStandalone target not found
Refreshing native plugins compatible for Editor in 0.46 ms, found 1 plugins.
Preloading 0 native plugins for Editor in 0.00 ms.
Mono: successfully reloaded assembly
- Completed reload, in  1.010 seconds
Platform modules already initialized, skipping
Refreshing native plugins compatible for Editor in 0.37 ms, found 1 plugins.
Preloading 0 native plugins for Editor in 0.00 ms.
Unloading 1819 Unused Serialized files (Serialized files now loaded: 0)
System memory in use before: 81.3 MB.
System memory in use after: 81.3 MB.

Unloading 12 unused Assets to reduce memory usage. Loaded Objects now: 2460.
Total: 4.416712 ms (FindLiveObjects: 0.238040 ms CreateObjectMapping: 0.085750 ms MarkObjects: 3.918174 ms  DeleteObjects: 0.172180 ms)

AssetImportWorkerClient::OnTransportError - code=2 error=End of file
